<?xml version="1.0" encoding="UTF-8"?>
<testng-results skipped="0" failed="0" ignored="0" total="99" passed="99">
  <reporter-output>
  </reporter-output>
  <suite name="Surefire suite" duration-ms="695" started-at="2020-04-26T18:34:58 PDT" finished-at="2020-04-26T18:34:59 PDT">
    <groups>
    </groups>
    <test name="Surefire test" duration-ms="695" started-at="2020-04-26T18:34:58 PDT" finished-at="2020-04-26T18:34:59 PDT">
      <class name="core.PrimeNumberCheckerTest">
        <test-method status="PASS" signature="beforemethod(java.lang.reflect.Method, [Ljava.lang.Object;)[pri:0, instance:core.PrimeNumberCheckerTest@b97c004]" test-instance-name="TC-01.99 (100 is not prime number; created by Alena)" name="beforemethod" is-config="true" duration-ms="12" started-at="2020-04-26T18:34:58 PDT" finished-at="2020-04-26T18:34:58 PDT">
          <params>
            <param index="0">
              <value>
                <![CDATA[public void core.PrimeNumberCheckerTest.test(java.lang.String,java.lang.String,java.lang.String)]]>
              </value>
            </param>
            <param index="1">
              <value>
                <![CDATA[[Ljava.lang.Object;@22eeefeb]]>
              </value>
            </param>
          </params>
          <reporter-output>
          </reporter-output>
        </test-method> <!-- beforemethod -->
        <test-method status="PASS" signature="test(java.lang.String, java.lang.String, java.lang.String)[pri:0, instance:core.PrimeNumberCheckerTest@b97c004]" test-instance-name="TC-01.99 (100 is not prime number; created by Alena)" name="test" duration-ms="12" started-at="2020-04-26T18:34:58 PDT" data-provider="Prime Numbers" finished-at="2020-04-26T18:34:58 PDT">
          <params>
            <param index="0">
              <value>
                <![CDATA[TC-01.01 (2 is prime number; created by Alena)]]>
              </value>
            </param>
            <param index="1">
              <value>
                <![CDATA[2]]>
              </value>
            </param>
            <param index="2">
              <value>
                <![CDATA[true]]>
              </value>
            </param>
          </params>
          <reporter-output>
          </reporter-output>
        </test-method> <!-- test -->
        <test-method status="PASS" signature="beforemethod(java.lang.reflect.Method, [Ljava.lang.Object;)[pri:0, instance:core.PrimeNumberCheckerTest@b97c004]" test-instance-name="TC-01.99 (100 is not prime number; created by Alena)" name="beforemethod" is-config="true" duration-ms="0" started-at="2020-04-26T18:34:58 PDT" finished-at="2020-04-26T18:34:58 PDT">
          <params>
            <param index="0">
              <value>
                <![CDATA[public void core.PrimeNumberCheckerTest.test(java.lang.String,java.lang.String,java.lang.String)]]>
              </value>
            </param>
            <param index="1">
              <value>
                <![CDATA[[Ljava.lang.Object;@17d0685f]]>
              </value>
            </param>
          </params>
          <reporter-output>
          </reporter-output>
        </test-method> <!-- beforemethod -->
        <test-method status="PASS" signature="test(java.lang.String, java.lang.String, java.lang.String)[pri:0, instance:core.PrimeNumberCheckerTest@b97c004]" test-instance-name="TC-01.99 (100 is not prime number; created by Alena)" name="test" duration-ms="1" started-at="2020-04-26T18:34:58 PDT" data-provider="Prime Numbers" finished-at="2020-04-26T18:34:58 PDT">
          <params>
            <param index="0">
              <value>
                <![CDATA[TC-01.02 (3 is prime number; created by Alena)]]>
              </value>
            </param>
            <param index="1">
              <value>
                <![CDATA[3]]>
              </value>
            </param>
            <param index="2">
              <value>
                <![CDATA[true]]>
              </value>
            </param>
          </params>
          <reporter-output>
          </reporter-output>
        </test-method> <!-- test -->
        <test-method status="PASS" signature="beforemethod(java.lang.reflect.Method, [Ljava.lang.Object;)[pri:0, instance:core.PrimeNumberCheckerTest@b97c004]" test-instance-name="TC-01.99 (100 is not prime number; created by Alena)" name="beforemethod" is-config="true" duration-ms="0" started-at="2020-04-26T18:34:58 PDT" finished-at="2020-04-26T18:34:58 PDT">
          <params>
            <param index="0">
              <value>
                <![CDATA[public void core.PrimeNumberCheckerTest.test(java.lang.String,java.lang.String,java.lang.String)]]>
              </value>
            </param>
            <param index="1">
              <value>
                <![CDATA[[Ljava.lang.Object;@3891771e]]>
              </value>
            </param>
          </params>
          <reporter-output>
          </reporter-output>
        </test-method> <!-- beforemethod -->
        <test-method status="PASS" signature="test(java.lang.String, java.lang.String, java.lang.String)[pri:0, instance:core.PrimeNumberCheckerTest@b97c004]" test-instance-name="TC-01.99 (100 is not prime number; created by Alena)" name="test" duration-ms="0" started-at="2020-04-26T18:34:58 PDT" data-provider="Prime Numbers" finished-at="2020-04-26T18:34:58 PDT">
          <params>
            <param index="0">
              <value>
                <![CDATA[TC-01.03 (4 is not prime number; created by Alena)]]>
              </value>
            </param>
            <param index="1">
              <value>
                <![CDATA[4]]>
              </value>
            </param>
            <param index="2">
              <value>
                <![CDATA[false]]>
              </value>
            </param>
          </params>
          <reporter-output>
          </reporter-output>
        </test-method> <!-- test -->
        <test-method status="PASS" signature="beforemethod(java.lang.reflect.Method, [Ljava.lang.Object;)[pri:0, instance:core.PrimeNumberCheckerTest@b97c004]" test-instance-name="TC-01.99 (100 is not prime number; created by Alena)" name="beforemethod" is-config="true" duration-ms="1" started-at="2020-04-26T18:34:58 PDT" finished-at="2020-04-26T18:34:58 PDT">
          <params>
            <param index="0">
              <value>
                <![CDATA[public void core.PrimeNumberCheckerTest.test(java.lang.String,java.lang.String,java.lang.String)]]>
              </value>
            </param>
            <param index="1">
              <value>
                <![CDATA[[Ljava.lang.Object;@78ac1102]]>
              </value>
            </param>
          </params>
          <reporter-output>
          </reporter-output>
        </test-method> <!-- beforemethod -->
        <test-method status="PASS" signature="test(java.lang.String, java.lang.String, java.lang.String)[pri:0, instance:core.PrimeNumberCheckerTest@b97c004]" test-instance-name="TC-01.99 (100 is not prime number; created by Alena)" name="test" duration-ms="1" started-at="2020-04-26T18:34:58 PDT" data-provider="Prime Numbers" finished-at="2020-04-26T18:34:58 PDT">
          <params>
            <param index="0">
              <value>
                <![CDATA[TC-01.04 (5 is prime number; created by Alena)]]>
              </value>
            </param>
            <param index="1">
              <value>
                <![CDATA[5]]>
              </value>
            </param>
            <param index="2">
              <value>
                <![CDATA[true]]>
              </value>
            </param>
          </params>
          <reporter-output>
          </reporter-output>
        </test-method> <!-- test -->
        <test-method status="PASS" signature="beforemethod(java.lang.reflect.Method, [Ljava.lang.Object;)[pri:0, instance:core.PrimeNumberCheckerTest@b97c004]" test-instance-name="TC-01.99 (100 is not prime number; created by Alena)" name="beforemethod" is-config="true" duration-ms="1" started-at="2020-04-26T18:34:58 PDT" finished-at="2020-04-26T18:34:58 PDT">
          <params>
            <param index="0">
              <value>
                <![CDATA[public void core.PrimeNumberCheckerTest.test(java.lang.String,java.lang.String,java.lang.String)]]>
              </value>
            </param>
            <param index="1">
              <value>
                <![CDATA[[Ljava.lang.Object;@2de8284b]]>
              </value>
            </param>
          </params>
          <reporter-output>
          </reporter-output>
        </test-method> <!-- beforemethod -->
        <test-method status="PASS" signature="test(java.lang.String, java.lang.String, java.lang.String)[pri:0, instance:core.PrimeNumberCheckerTest@b97c004]" test-instance-name="TC-01.99 (100 is not prime number; created by Alena)" name="test" duration-ms="1" started-at="2020-04-26T18:34:58 PDT" data-provider="Prime Numbers" finished-at="2020-04-26T18:34:58 PDT">
          <params>
            <param index="0">
              <value>
                <![CDATA[TC-01.05 (6 is not prime number; created by Alena)]]>
              </value>
            </param>
            <param index="1">
              <value>
                <![CDATA[6]]>
              </value>
            </param>
            <param index="2">
              <value>
                <![CDATA[false]]>
              </value>
            </param>
          </params>
          <reporter-output>
          </reporter-output>
        </test-method> <!-- test -->
        <test-method status="PASS" signature="beforemethod(java.lang.reflect.Method, [Ljava.lang.Object;)[pri:0, instance:core.PrimeNumberCheckerTest@b97c004]" test-instance-name="TC-01.99 (100 is not prime number; created by Alena)" name="beforemethod" is-config="true" duration-ms="1" started-at="2020-04-26T18:34:58 PDT" finished-at="2020-04-26T18:34:58 PDT">
          <params>
            <param index="0">
              <value>
                <![CDATA[public void core.PrimeNumberCheckerTest.test(java.lang.String,java.lang.String,java.lang.String)]]>
              </value>
            </param>
            <param index="1">
              <value>
                <![CDATA[[Ljava.lang.Object;@396e2f39]]>
              </value>
            </param>
          </params>
          <reporter-output>
          </reporter-output>
        </test-method> <!-- beforemethod -->
        <test-method status="PASS" signature="test(java.lang.String, java.lang.String, java.lang.String)[pri:0, instance:core.PrimeNumberCheckerTest@b97c004]" test-instance-name="TC-01.99 (100 is not prime number; created by Alena)" name="test" duration-ms="1" started-at="2020-04-26T18:34:58 PDT" data-provider="Prime Numbers" finished-at="2020-04-26T18:34:58 PDT">
          <params>
            <param index="0">
              <value>
                <![CDATA[TC-01.06 (7 is prime number; created by Alena)]]>
              </value>
            </param>
            <param index="1">
              <value>
                <![CDATA[7]]>
              </value>
            </param>
            <param index="2">
              <value>
                <![CDATA[true]]>
              </value>
            </param>
          </params>
          <reporter-output>
          </reporter-output>
        </test-method> <!-- test -->
        <test-method status="PASS" signature="beforemethod(java.lang.reflect.Method, [Ljava.lang.Object;)[pri:0, instance:core.PrimeNumberCheckerTest@b97c004]" test-instance-name="TC-01.99 (100 is not prime number; created by Alena)" name="beforemethod" is-config="true" duration-ms="1" started-at="2020-04-26T18:34:58 PDT" finished-at="2020-04-26T18:34:58 PDT">
          <params>
            <param index="0">
              <value>
                <![CDATA[public void core.PrimeNumberCheckerTest.test(java.lang.String,java.lang.String,java.lang.String)]]>
              </value>
            </param>
            <param index="1">
              <value>
                <![CDATA[[Ljava.lang.Object;@a74868d]]>
              </value>
            </param>
          </params>
          <reporter-output>
          </reporter-output>
        </test-method> <!-- beforemethod -->
        <test-method status="PASS" signature="test(java.lang.String, java.lang.String, java.lang.String)[pri:0, instance:core.PrimeNumberCheckerTest@b97c004]" test-instance-name="TC-01.99 (100 is not prime number; created by Alena)" name="test" duration-ms="1" started-at="2020-04-26T18:34:58 PDT" data-provider="Prime Numbers" finished-at="2020-04-26T18:34:58 PDT">
          <params>
            <param index="0">
              <value>
                <![CDATA[TC-01.07 (8 is not prime number; created by Alena)]]>
              </value>
            </param>
            <param index="1">
              <value>
                <![CDATA[8]]>
              </value>
            </param>
            <param index="2">
              <value>
                <![CDATA[false]]>
              </value>
            </param>
          </params>
          <reporter-output>
          </reporter-output>
        </test-method> <!-- test -->
        <test-method status="PASS" signature="beforemethod(java.lang.reflect.Method, [Ljava.lang.Object;)[pri:0, instance:core.PrimeNumberCheckerTest@b97c004]" test-instance-name="TC-01.99 (100 is not prime number; created by Alena)" name="beforemethod" is-config="true" duration-ms="1" started-at="2020-04-26T18:34:58 PDT" finished-at="2020-04-26T18:34:58 PDT">
          <params>
            <param index="0">
              <value>
                <![CDATA[public void core.PrimeNumberCheckerTest.test(java.lang.String,java.lang.String,java.lang.String)]]>
              </value>
            </param>
            <param index="1">
              <value>
                <![CDATA[[Ljava.lang.Object;@12c8a2c0]]>
              </value>
            </param>
          </params>
          <reporter-output>
          </reporter-output>
        </test-method> <!-- beforemethod -->
        <test-method status="PASS" signature="test(java.lang.String, java.lang.String, java.lang.String)[pri:0, instance:core.PrimeNumberCheckerTest@b97c004]" test-instance-name="TC-01.99 (100 is not prime number; created by Alena)" name="test" duration-ms="1" started-at="2020-04-26T18:34:58 PDT" data-provider="Prime Numbers" finished-at="2020-04-26T18:34:58 PDT">
          <params>
            <param index="0">
              <value>
                <![CDATA[TC-01.08 (9 is not prime number; created by Alena)]]>
              </value>
            </param>
            <param index="1">
              <value>
                <![CDATA[9]]>
              </value>
            </param>
            <param index="2">
              <value>
                <![CDATA[false]]>
              </value>
            </param>
          </params>
          <reporter-output>
          </reporter-output>
        </test-method> <!-- test -->
        <test-method status="PASS" signature="beforemethod(java.lang.reflect.Method, [Ljava.lang.Object;)[pri:0, instance:core.PrimeNumberCheckerTest@b97c004]" test-instance-name="TC-01.99 (100 is not prime number; created by Alena)" name="beforemethod" is-config="true" duration-ms="1" started-at="2020-04-26T18:34:58 PDT" finished-at="2020-04-26T18:34:58 PDT">
          <params>
            <param index="0">
              <value>
                <![CDATA[public void core.PrimeNumberCheckerTest.test(java.lang.String,java.lang.String,java.lang.String)]]>
              </value>
            </param>
            <param index="1">
              <value>
                <![CDATA[[Ljava.lang.Object;@7e0e6aa2]]>
              </value>
            </param>
          </params>
          <reporter-output>
          </reporter-output>
        </test-method> <!-- beforemethod -->
        <test-method status="PASS" signature="test(java.lang.String, java.lang.String, java.lang.String)[pri:0, instance:core.PrimeNumberCheckerTest@b97c004]" test-instance-name="TC-01.99 (100 is not prime number; created by Alena)" name="test" duration-ms="1" started-at="2020-04-26T18:34:58 PDT" data-provider="Prime Numbers" finished-at="2020-04-26T18:34:58 PDT">
          <params>
            <param index="0">
              <value>
                <![CDATA[TC-01.09 (10 is not prime number; created by Alena)]]>
              </value>
            </param>
            <param index="1">
              <value>
                <![CDATA[10]]>
              </value>
            </param>
            <param index="2">
              <value>
                <![CDATA[false]]>
              </value>
            </param>
          </params>
          <reporter-output>
          </reporter-output>
        </test-method> <!-- test -->
        <test-method status="PASS" signature="beforemethod(java.lang.reflect.Method, [Ljava.lang.Object;)[pri:0, instance:core.PrimeNumberCheckerTest@b97c004]" test-instance-name="TC-01.99 (100 is not prime number; created by Alena)" name="beforemethod" is-config="true" duration-ms="1" started-at="2020-04-26T18:34:58 PDT" finished-at="2020-04-26T18:34:58 PDT">
          <params>
            <param index="0">
              <value>
                <![CDATA[public void core.PrimeNumberCheckerTest.test(java.lang.String,java.lang.String,java.lang.String)]]>
              </value>
            </param>
            <param index="1">
              <value>
                <![CDATA[[Ljava.lang.Object;@365185bd]]>
              </value>
            </param>
          </params>
          <reporter-output>
          </reporter-output>
        </test-method> <!-- beforemethod -->
        <test-method status="PASS" signature="test(java.lang.String, java.lang.String, java.lang.String)[pri:0, instance:core.PrimeNumberCheckerTest@b97c004]" test-instance-name="TC-01.99 (100 is not prime number; created by Alena)" name="test" duration-ms="1" started-at="2020-04-26T18:34:58 PDT" data-provider="Prime Numbers" finished-at="2020-04-26T18:34:58 PDT">
          <params>
            <param index="0">
              <value>
                <![CDATA[TC-01.10 (11 is prime number; created by Alena)]]>
              </value>
            </param>
            <param index="1">
              <value>
                <![CDATA[11]]>
              </value>
            </param>
            <param index="2">
              <value>
                <![CDATA[true]]>
              </value>
            </param>
          </params>
          <reporter-output>
          </reporter-output>
        </test-method> <!-- test -->
        <test-method status="PASS" signature="beforemethod(java.lang.reflect.Method, [Ljava.lang.Object;)[pri:0, instance:core.PrimeNumberCheckerTest@b97c004]" test-instance-name="TC-01.99 (100 is not prime number; created by Alena)" name="beforemethod" is-config="true" duration-ms="1" started-at="2020-04-26T18:34:58 PDT" finished-at="2020-04-26T18:34:58 PDT">
          <params>
            <param index="0">
              <value>
                <![CDATA[public void core.PrimeNumberCheckerTest.test(java.lang.String,java.lang.String,java.lang.String)]]>
              </value>
            </param>
            <param index="1">
              <value>
                <![CDATA[[Ljava.lang.Object;@18bf3d14]]>
              </value>
            </param>
          </params>
          <reporter-output>
          </reporter-output>
        </test-method> <!-- beforemethod -->
        <test-method status="PASS" signature="test(java.lang.String, java.lang.String, java.lang.String)[pri:0, instance:core.PrimeNumberCheckerTest@b97c004]" test-instance-name="TC-01.99 (100 is not prime number; created by Alena)" name="test" duration-ms="1" started-at="2020-04-26T18:34:58 PDT" data-provider="Prime Numbers" finished-at="2020-04-26T18:34:58 PDT">
          <params>
            <param index="0">
              <value>
                <![CDATA[TC-01.11 (12 is not prime number; created by Alena)]]>
              </value>
            </param>
            <param index="1">
              <value>
                <![CDATA[12]]>
              </value>
            </param>
            <param index="2">
              <value>
                <![CDATA[false]]>
              </value>
            </param>
          </params>
          <reporter-output>
          </reporter-output>
        </test-method> <!-- test -->
        <test-method status="PASS" signature="beforemethod(java.lang.reflect.Method, [Ljava.lang.Object;)[pri:0, instance:core.PrimeNumberCheckerTest@b97c004]" test-instance-name="TC-01.99 (100 is not prime number; created by Alena)" name="beforemethod" is-config="true" duration-ms="1" started-at="2020-04-26T18:34:58 PDT" finished-at="2020-04-26T18:34:58 PDT">
          <params>
            <param index="0">
              <value>
                <![CDATA[public void core.PrimeNumberCheckerTest.test(java.lang.String,java.lang.String,java.lang.String)]]>
              </value>
            </param>
            <param index="1">
              <value>
                <![CDATA[[Ljava.lang.Object;@4fb64261]]>
              </value>
            </param>
          </params>
          <reporter-output>
          </reporter-output>
        </test-method> <!-- beforemethod -->
        <test-method status="PASS" signature="test(java.lang.String, java.lang.String, java.lang.String)[pri:0, instance:core.PrimeNumberCheckerTest@b97c004]" test-instance-name="TC-01.99 (100 is not prime number; created by Alena)" name="test" duration-ms="1" started-at="2020-04-26T18:34:58 PDT" data-provider="Prime Numbers" finished-at="2020-04-26T18:34:58 PDT">
          <params>
            <param index="0">
              <value>
                <![CDATA[TC-01.12 (13 is prime number; created by Alena)]]>
              </value>
            </param>
            <param index="1">
              <value>
                <![CDATA[13]]>
              </value>
            </param>
            <param index="2">
              <value>
                <![CDATA[true]]>
              </value>
            </param>
          </params>
          <reporter-output>
          </reporter-output>
        </test-method> <!-- test -->
        <test-method status="PASS" signature="beforemethod(java.lang.reflect.Method, [Ljava.lang.Object;)[pri:0, instance:core.PrimeNumberCheckerTest@b97c004]" test-instance-name="TC-01.99 (100 is not prime number; created by Alena)" name="beforemethod" is-config="true" duration-ms="1" started-at="2020-04-26T18:34:58 PDT" finished-at="2020-04-26T18:34:58 PDT">
          <params>
            <param index="0">
              <value>
                <![CDATA[public void core.PrimeNumberCheckerTest.test(java.lang.String,java.lang.String,java.lang.String)]]>
              </value>
            </param>
            <param index="1">
              <value>
                <![CDATA[[Ljava.lang.Object;@42607a4f]]>
              </value>
            </param>
          </params>
          <reporter-output>
          </reporter-output>
        </test-method> <!-- beforemethod -->
        <test-method status="PASS" signature="test(java.lang.String, java.lang.String, java.lang.String)[pri:0, instance:core.PrimeNumberCheckerTest@b97c004]" test-instance-name="TC-01.99 (100 is not prime number; created by Alena)" name="test" duration-ms="1" started-at="2020-04-26T18:34:58 PDT" data-provider="Prime Numbers" finished-at="2020-04-26T18:34:58 PDT">
          <params>
            <param index="0">
              <value>
                <![CDATA[TC-01.13 (14 is not prime number; created by Alena)]]>
              </value>
            </param>
            <param index="1">
              <value>
                <![CDATA[14]]>
              </value>
            </param>
            <param index="2">
              <value>
                <![CDATA[false]]>
              </value>
            </param>
          </params>
          <reporter-output>
          </reporter-output>
        </test-method> <!-- test -->
        <test-method status="PASS" signature="beforemethod(java.lang.reflect.Method, [Ljava.lang.Object;)[pri:0, instance:core.PrimeNumberCheckerTest@b97c004]" test-instance-name="TC-01.99 (100 is not prime number; created by Alena)" name="beforemethod" is-config="true" duration-ms="1" started-at="2020-04-26T18:34:58 PDT" finished-at="2020-04-26T18:34:58 PDT">
          <params>
            <param index="0">
              <value>
                <![CDATA[public void core.PrimeNumberCheckerTest.test(java.lang.String,java.lang.String,java.lang.String)]]>
              </value>
            </param>
            <param index="1">
              <value>
                <![CDATA[[Ljava.lang.Object;@782663d3]]>
              </value>
            </param>
          </params>
          <reporter-output>
          </reporter-output>
        </test-method> <!-- beforemethod -->
        <test-method status="PASS" signature="test(java.lang.String, java.lang.String, java.lang.String)[pri:0, instance:core.PrimeNumberCheckerTest@b97c004]" test-instance-name="TC-01.99 (100 is not prime number; created by Alena)" name="test" duration-ms="3" started-at="2020-04-26T18:34:58 PDT" data-provider="Prime Numbers" finished-at="2020-04-26T18:34:58 PDT">
          <params>
            <param index="0">
              <value>
                <![CDATA[TC-01.14 (15 is not prime number; created by Alena)]]>
              </value>
            </param>
            <param index="1">
              <value>
                <![CDATA[15]]>
              </value>
            </param>
            <param index="2">
              <value>
                <![CDATA[false]]>
              </value>
            </param>
          </params>
          <reporter-output>
          </reporter-output>
        </test-method> <!-- test -->
        <test-method status="PASS" signature="beforemethod(java.lang.reflect.Method, [Ljava.lang.Object;)[pri:0, instance:core.PrimeNumberCheckerTest@b97c004]" test-instance-name="TC-01.99 (100 is not prime number; created by Alena)" name="beforemethod" is-config="true" duration-ms="1" started-at="2020-04-26T18:34:58 PDT" finished-at="2020-04-26T18:34:58 PDT">
          <params>
            <param index="0">
              <value>
                <![CDATA[public void core.PrimeNumberCheckerTest.test(java.lang.String,java.lang.String,java.lang.String)]]>
              </value>
            </param>
            <param index="1">
              <value>
                <![CDATA[[Ljava.lang.Object;@1990a65e]]>
              </value>
            </param>
          </params>
          <reporter-output>
          </reporter-output>
        </test-method> <!-- beforemethod -->
        <test-method status="PASS" signature="test(java.lang.String, java.lang.String, java.lang.String)[pri:0, instance:core.PrimeNumberCheckerTest@b97c004]" test-instance-name="TC-01.99 (100 is not prime number; created by Alena)" name="test" duration-ms="1" started-at="2020-04-26T18:34:58 PDT" data-provider="Prime Numbers" finished-at="2020-04-26T18:34:58 PDT">
          <params>
            <param index="0">
              <value>
                <![CDATA[TC-01.15 (16 is not prime number; created by Alena)]]>
              </value>
            </param>
            <param index="1">
              <value>
                <![CDATA[16]]>
              </value>
            </param>
            <param index="2">
              <value>
                <![CDATA[false]]>
              </value>
            </param>
          </params>
          <reporter-output>
          </reporter-output>
        </test-method> <!-- test -->
        <test-method status="PASS" signature="beforemethod(java.lang.reflect.Method, [Ljava.lang.Object;)[pri:0, instance:core.PrimeNumberCheckerTest@b97c004]" test-instance-name="TC-01.99 (100 is not prime number; created by Alena)" name="beforemethod" is-config="true" duration-ms="3" started-at="2020-04-26T18:34:58 PDT" finished-at="2020-04-26T18:34:58 PDT">
          <params>
            <param index="0">
              <value>
                <![CDATA[public void core.PrimeNumberCheckerTest.test(java.lang.String,java.lang.String,java.lang.String)]]>
              </value>
            </param>
            <param index="1">
              <value>
                <![CDATA[[Ljava.lang.Object;@64485a47]]>
              </value>
            </param>
          </params>
          <reporter-output>
          </reporter-output>
        </test-method> <!-- beforemethod -->
        <test-method status="PASS" signature="test(java.lang.String, java.lang.String, java.lang.String)[pri:0, instance:core.PrimeNumberCheckerTest@b97c004]" test-instance-name="TC-01.99 (100 is not prime number; created by Alena)" name="test" duration-ms="2" started-at="2020-04-26T18:34:58 PDT" data-provider="Prime Numbers" finished-at="2020-04-26T18:34:58 PDT">
          <params>
            <param index="0">
              <value>
                <![CDATA[TC-01.16 (17 is prime number; created by Alena)]]>
              </value>
            </param>
            <param index="1">
              <value>
                <![CDATA[17]]>
              </value>
            </param>
            <param index="2">
              <value>
                <![CDATA[true]]>
              </value>
            </param>
          </params>
          <reporter-output>
          </reporter-output>
        </test-method> <!-- test -->
        <test-method status="PASS" signature="beforemethod(java.lang.reflect.Method, [Ljava.lang.Object;)[pri:0, instance:core.PrimeNumberCheckerTest@b97c004]" test-instance-name="TC-01.99 (100 is not prime number; created by Alena)" name="beforemethod" is-config="true" duration-ms="1" started-at="2020-04-26T18:34:58 PDT" finished-at="2020-04-26T18:34:58 PDT">
          <params>
            <param index="0">
              <value>
                <![CDATA[public void core.PrimeNumberCheckerTest.test(java.lang.String,java.lang.String,java.lang.String)]]>
              </value>
            </param>
            <param index="1">
              <value>
                <![CDATA[[Ljava.lang.Object;@25bbf683]]>
              </value>
            </param>
          </params>
          <reporter-output>
          </reporter-output>
        </test-method> <!-- beforemethod -->
        <test-method status="PASS" signature="test(java.lang.String, java.lang.String, java.lang.String)[pri:0, instance:core.PrimeNumberCheckerTest@b97c004]" test-instance-name="TC-01.99 (100 is not prime number; created by Alena)" name="test" duration-ms="2" started-at="2020-04-26T18:34:58 PDT" data-provider="Prime Numbers" finished-at="2020-04-26T18:34:58 PDT">
          <params>
            <param index="0">
              <value>
                <![CDATA[TC-01.17 (18 is not prime number; created by Alena)]]>
              </value>
            </param>
            <param index="1">
              <value>
                <![CDATA[18]]>
              </value>
            </param>
            <param index="2">
              <value>
                <![CDATA[false]]>
              </value>
            </param>
          </params>
          <reporter-output>
          </reporter-output>
        </test-method> <!-- test -->
        <test-method status="PASS" signature="beforemethod(java.lang.reflect.Method, [Ljava.lang.Object;)[pri:0, instance:core.PrimeNumberCheckerTest@b97c004]" test-instance-name="TC-01.99 (100 is not prime number; created by Alena)" name="beforemethod" is-config="true" duration-ms="1" started-at="2020-04-26T18:34:58 PDT" finished-at="2020-04-26T18:34:58 PDT">
          <params>
            <param index="0">
              <value>
                <![CDATA[public void core.PrimeNumberCheckerTest.test(java.lang.String,java.lang.String,java.lang.String)]]>
              </value>
            </param>
            <param index="1">
              <value>
                <![CDATA[[Ljava.lang.Object;@6ec8211c]]>
              </value>
            </param>
          </params>
          <reporter-output>
          </reporter-output>
        </test-method> <!-- beforemethod -->
        <test-method status="PASS" signature="test(java.lang.String, java.lang.String, java.lang.String)[pri:0, instance:core.PrimeNumberCheckerTest@b97c004]" test-instance-name="TC-01.99 (100 is not prime number; created by Alena)" name="test" duration-ms="3" started-at="2020-04-26T18:34:58 PDT" data-provider="Prime Numbers" finished-at="2020-04-26T18:34:58 PDT">
          <params>
            <param index="0">
              <value>
                <![CDATA[TC-01.18 (19 is prime number; created by Alena)]]>
              </value>
            </param>
            <param index="1">
              <value>
                <![CDATA[19]]>
              </value>
            </param>
            <param index="2">
              <value>
                <![CDATA[true]]>
              </value>
            </param>
          </params>
          <reporter-output>
          </reporter-output>
        </test-method> <!-- test -->
        <test-method status="PASS" signature="beforemethod(java.lang.reflect.Method, [Ljava.lang.Object;)[pri:0, instance:core.PrimeNumberCheckerTest@b97c004]" test-instance-name="TC-01.99 (100 is not prime number; created by Alena)" name="beforemethod" is-config="true" duration-ms="1" started-at="2020-04-26T18:34:58 PDT" finished-at="2020-04-26T18:34:58 PDT">
          <params>
            <param index="0">
              <value>
                <![CDATA[public void core.PrimeNumberCheckerTest.test(java.lang.String,java.lang.String,java.lang.String)]]>
              </value>
            </param>
            <param index="1">
              <value>
                <![CDATA[[Ljava.lang.Object;@7276c8cd]]>
              </value>
            </param>
          </params>
          <reporter-output>
          </reporter-output>
        </test-method> <!-- beforemethod -->
        <test-method status="PASS" signature="test(java.lang.String, java.lang.String, java.lang.String)[pri:0, instance:core.PrimeNumberCheckerTest@b97c004]" test-instance-name="TC-01.99 (100 is not prime number; created by Alena)" name="test" duration-ms="2" started-at="2020-04-26T18:34:58 PDT" data-provider="Prime Numbers" finished-at="2020-04-26T18:34:58 PDT">
          <params>
            <param index="0">
              <value>
                <![CDATA[TC-01.19 (20 is not prime number; created by Alena)]]>
              </value>
            </param>
            <param index="1">
              <value>
                <![CDATA[20]]>
              </value>
            </param>
            <param index="2">
              <value>
                <![CDATA[false]]>
              </value>
            </param>
          </params>
          <reporter-output>
          </reporter-output>
        </test-method> <!-- test -->
        <test-method status="PASS" signature="beforemethod(java.lang.reflect.Method, [Ljava.lang.Object;)[pri:0, instance:core.PrimeNumberCheckerTest@b97c004]" test-instance-name="TC-01.99 (100 is not prime number; created by Alena)" name="beforemethod" is-config="true" duration-ms="1" started-at="2020-04-26T18:34:58 PDT" finished-at="2020-04-26T18:34:58 PDT">
          <params>
            <param index="0">
              <value>
                <![CDATA[public void core.PrimeNumberCheckerTest.test(java.lang.String,java.lang.String,java.lang.String)]]>
              </value>
            </param>
            <param index="1">
              <value>
                <![CDATA[[Ljava.lang.Object;@544a2ea6]]>
              </value>
            </param>
          </params>
          <reporter-output>
          </reporter-output>
        </test-method> <!-- beforemethod -->
        <test-method status="PASS" signature="test(java.lang.String, java.lang.String, java.lang.String)[pri:0, instance:core.PrimeNumberCheckerTest@b97c004]" test-instance-name="TC-01.99 (100 is not prime number; created by Alena)" name="test" duration-ms="1" started-at="2020-04-26T18:34:58 PDT" data-provider="Prime Numbers" finished-at="2020-04-26T18:34:58 PDT">
          <params>
            <param index="0">
              <value>
                <![CDATA[TC-01.20 (21 is not prime number; created by Alena)]]>
              </value>
            </param>
            <param index="1">
              <value>
                <![CDATA[21]]>
              </value>
            </param>
            <param index="2">
              <value>
                <![CDATA[false]]>
              </value>
            </param>
          </params>
          <reporter-output>
          </reporter-output>
        </test-method> <!-- test -->
        <test-method status="PASS" signature="beforemethod(java.lang.reflect.Method, [Ljava.lang.Object;)[pri:0, instance:core.PrimeNumberCheckerTest@b97c004]" test-instance-name="TC-01.99 (100 is not prime number; created by Alena)" name="beforemethod" is-config="true" duration-ms="1" started-at="2020-04-26T18:34:58 PDT" finished-at="2020-04-26T18:34:58 PDT">
          <params>
            <param index="0">
              <value>
                <![CDATA[public void core.PrimeNumberCheckerTest.test(java.lang.String,java.lang.String,java.lang.String)]]>
              </value>
            </param>
            <param index="1">
              <value>
                <![CDATA[[Ljava.lang.Object;@2e3fc542]]>
              </value>
            </param>
          </params>
          <reporter-output>
          </reporter-output>
        </test-method> <!-- beforemethod -->
        <test-method status="PASS" signature="test(java.lang.String, java.lang.String, java.lang.String)[pri:0, instance:core.PrimeNumberCheckerTest@b97c004]" test-instance-name="TC-01.99 (100 is not prime number; created by Alena)" name="test" duration-ms="2" started-at="2020-04-26T18:34:58 PDT" data-provider="Prime Numbers" finished-at="2020-04-26T18:34:58 PDT">
          <params>
            <param index="0">
              <value>
                <![CDATA[TC-01.21 (22 is not prime number; created by Alena)]]>
              </value>
            </param>
            <param index="1">
              <value>
                <![CDATA[22]]>
              </value>
            </param>
            <param index="2">
              <value>
                <![CDATA[false]]>
              </value>
            </param>
          </params>
          <reporter-output>
          </reporter-output>
        </test-method> <!-- test -->
        <test-method status="PASS" signature="beforemethod(java.lang.reflect.Method, [Ljava.lang.Object;)[pri:0, instance:core.PrimeNumberCheckerTest@b97c004]" test-instance-name="TC-01.99 (100 is not prime number; created by Alena)" name="beforemethod" is-config="true" duration-ms="1" started-at="2020-04-26T18:34:58 PDT" finished-at="2020-04-26T18:34:58 PDT">
          <params>
            <param index="0">
              <value>
                <![CDATA[public void core.PrimeNumberCheckerTest.test(java.lang.String,java.lang.String,java.lang.String)]]>
              </value>
            </param>
            <param index="1">
              <value>
                <![CDATA[[Ljava.lang.Object;@150c158]]>
              </value>
            </param>
          </params>
          <reporter-output>
          </reporter-output>
        </test-method> <!-- beforemethod -->
        <test-method status="PASS" signature="test(java.lang.String, java.lang.String, java.lang.String)[pri:0, instance:core.PrimeNumberCheckerTest@b97c004]" test-instance-name="TC-01.99 (100 is not prime number; created by Alena)" name="test" duration-ms="2" started-at="2020-04-26T18:34:58 PDT" data-provider="Prime Numbers" finished-at="2020-04-26T18:34:58 PDT">
          <params>
            <param index="0">
              <value>
                <![CDATA[TC-01.22 (23 is prime number; created by Alena)]]>
              </value>
            </param>
            <param index="1">
              <value>
                <![CDATA[23]]>
              </value>
            </param>
            <param index="2">
              <value>
                <![CDATA[true]]>
              </value>
            </param>
          </params>
          <reporter-output>
          </reporter-output>
        </test-method> <!-- test -->
        <test-method status="PASS" signature="beforemethod(java.lang.reflect.Method, [Ljava.lang.Object;)[pri:0, instance:core.PrimeNumberCheckerTest@b97c004]" test-instance-name="TC-01.99 (100 is not prime number; created by Alena)" name="beforemethod" is-config="true" duration-ms="1" started-at="2020-04-26T18:34:58 PDT" finished-at="2020-04-26T18:34:58 PDT">
          <params>
            <param index="0">
              <value>
                <![CDATA[public void core.PrimeNumberCheckerTest.test(java.lang.String,java.lang.String,java.lang.String)]]>
              </value>
            </param>
            <param index="1">
              <value>
                <![CDATA[[Ljava.lang.Object;@4524411f]]>
              </value>
            </param>
          </params>
          <reporter-output>
          </reporter-output>
        </test-method> <!-- beforemethod -->
        <test-method status="PASS" signature="test(java.lang.String, java.lang.String, java.lang.String)[pri:0, instance:core.PrimeNumberCheckerTest@b97c004]" test-instance-name="TC-01.99 (100 is not prime number; created by Alena)" name="test" duration-ms="1" started-at="2020-04-26T18:34:58 PDT" data-provider="Prime Numbers" finished-at="2020-04-26T18:34:58 PDT">
          <params>
            <param index="0">
              <value>
                <![CDATA[TC-01.23 (24 is not prime number; created by Alena)]]>
              </value>
            </param>
            <param index="1">
              <value>
                <![CDATA[24]]>
              </value>
            </param>
            <param index="2">
              <value>
                <![CDATA[false]]>
              </value>
            </param>
          </params>
          <reporter-output>
          </reporter-output>
        </test-method> <!-- test -->
        <test-method status="PASS" signature="beforemethod(java.lang.reflect.Method, [Ljava.lang.Object;)[pri:0, instance:core.PrimeNumberCheckerTest@b97c004]" test-instance-name="TC-01.99 (100 is not prime number; created by Alena)" name="beforemethod" is-config="true" duration-ms="2" started-at="2020-04-26T18:34:58 PDT" finished-at="2020-04-26T18:34:58 PDT">
          <params>
            <param index="0">
              <value>
                <![CDATA[public void core.PrimeNumberCheckerTest.test(java.lang.String,java.lang.String,java.lang.String)]]>
              </value>
            </param>
            <param index="1">
              <value>
                <![CDATA[[Ljava.lang.Object;@401e7803]]>
              </value>
            </param>
          </params>
          <reporter-output>
          </reporter-output>
        </test-method> <!-- beforemethod -->
        <test-method status="PASS" signature="test(java.lang.String, java.lang.String, java.lang.String)[pri:0, instance:core.PrimeNumberCheckerTest@b97c004]" test-instance-name="TC-01.99 (100 is not prime number; created by Alena)" name="test" duration-ms="1" started-at="2020-04-26T18:34:58 PDT" data-provider="Prime Numbers" finished-at="2020-04-26T18:34:58 PDT">
          <params>
            <param index="0">
              <value>
                <![CDATA[TC-01.24 (25 is not prime number; created by Alena)]]>
              </value>
            </param>
            <param index="1">
              <value>
                <![CDATA[25]]>
              </value>
            </param>
            <param index="2">
              <value>
                <![CDATA[false]]>
              </value>
            </param>
          </params>
          <reporter-output>
          </reporter-output>
        </test-method> <!-- test -->
        <test-method status="PASS" signature="beforemethod(java.lang.reflect.Method, [Ljava.lang.Object;)[pri:0, instance:core.PrimeNumberCheckerTest@b97c004]" test-instance-name="TC-01.99 (100 is not prime number; created by Alena)" name="beforemethod" is-config="true" duration-ms="1" started-at="2020-04-26T18:34:58 PDT" finished-at="2020-04-26T18:34:58 PDT">
          <params>
            <param index="0">
              <value>
                <![CDATA[public void core.PrimeNumberCheckerTest.test(java.lang.String,java.lang.String,java.lang.String)]]>
              </value>
            </param>
            <param index="1">
              <value>
                <![CDATA[[Ljava.lang.Object;@10dba097]]>
              </value>
            </param>
          </params>
          <reporter-output>
          </reporter-output>
        </test-method> <!-- beforemethod -->
        <test-method status="PASS" signature="test(java.lang.String, java.lang.String, java.lang.String)[pri:0, instance:core.PrimeNumberCheckerTest@b97c004]" test-instance-name="TC-01.99 (100 is not prime number; created by Alena)" name="test" duration-ms="2" started-at="2020-04-26T18:34:58 PDT" data-provider="Prime Numbers" finished-at="2020-04-26T18:34:58 PDT">
          <params>
            <param index="0">
              <value>
                <![CDATA[TC-01.25 (26 is not prime number; created by Alena)]]>
              </value>
            </param>
            <param index="1">
              <value>
                <![CDATA[26]]>
              </value>
            </param>
            <param index="2">
              <value>
                <![CDATA[false]]>
              </value>
            </param>
          </params>
          <reporter-output>
          </reporter-output>
        </test-method> <!-- test -->
        <test-method status="PASS" signature="beforemethod(java.lang.reflect.Method, [Ljava.lang.Object;)[pri:0, instance:core.PrimeNumberCheckerTest@b97c004]" test-instance-name="TC-01.99 (100 is not prime number; created by Alena)" name="beforemethod" is-config="true" duration-ms="1" started-at="2020-04-26T18:34:58 PDT" finished-at="2020-04-26T18:34:58 PDT">
          <params>
            <param index="0">
              <value>
                <![CDATA[public void core.PrimeNumberCheckerTest.test(java.lang.String,java.lang.String,java.lang.String)]]>
              </value>
            </param>
            <param index="1">
              <value>
                <![CDATA[[Ljava.lang.Object;@1786f9d5]]>
              </value>
            </param>
          </params>
          <reporter-output>
          </reporter-output>
        </test-method> <!-- beforemethod -->
        <test-method status="PASS" signature="test(java.lang.String, java.lang.String, java.lang.String)[pri:0, instance:core.PrimeNumberCheckerTest@b97c004]" test-instance-name="TC-01.99 (100 is not prime number; created by Alena)" name="test" duration-ms="1" started-at="2020-04-26T18:34:58 PDT" data-provider="Prime Numbers" finished-at="2020-04-26T18:34:58 PDT">
          <params>
            <param index="0">
              <value>
                <![CDATA[TC-01.26 (27 is not prime number; created by Alena)]]>
              </value>
            </param>
            <param index="1">
              <value>
                <![CDATA[27]]>
              </value>
            </param>
            <param index="2">
              <value>
                <![CDATA[false]]>
              </value>
            </param>
          </params>
          <reporter-output>
          </reporter-output>
        </test-method> <!-- test -->
        <test-method status="PASS" signature="beforemethod(java.lang.reflect.Method, [Ljava.lang.Object;)[pri:0, instance:core.PrimeNumberCheckerTest@b97c004]" test-instance-name="TC-01.99 (100 is not prime number; created by Alena)" name="beforemethod" is-config="true" duration-ms="1" started-at="2020-04-26T18:34:58 PDT" finished-at="2020-04-26T18:34:58 PDT">
          <params>
            <param index="0">
              <value>
                <![CDATA[public void core.PrimeNumberCheckerTest.test(java.lang.String,java.lang.String,java.lang.String)]]>
              </value>
            </param>
            <param index="1">
              <value>
                <![CDATA[[Ljava.lang.Object;@704d6e83]]>
              </value>
            </param>
          </params>
          <reporter-output>
          </reporter-output>
        </test-method> <!-- beforemethod -->
        <test-method status="PASS" signature="test(java.lang.String, java.lang.String, java.lang.String)[pri:0, instance:core.PrimeNumberCheckerTest@b97c004]" test-instance-name="TC-01.99 (100 is not prime number; created by Alena)" name="test" duration-ms="1" started-at="2020-04-26T18:34:58 PDT" data-provider="Prime Numbers" finished-at="2020-04-26T18:34:58 PDT">
          <params>
            <param index="0">
              <value>
                <![CDATA[TC-01.27 (28 is not prime number; created by Alena)]]>
              </value>
            </param>
            <param index="1">
              <value>
                <![CDATA[28]]>
              </value>
            </param>
            <param index="2">
              <value>
                <![CDATA[false]]>
              </value>
            </param>
          </params>
          <reporter-output>
          </reporter-output>
        </test-method> <!-- test -->
        <test-method status="PASS" signature="beforemethod(java.lang.reflect.Method, [Ljava.lang.Object;)[pri:0, instance:core.PrimeNumberCheckerTest@b97c004]" test-instance-name="TC-01.99 (100 is not prime number; created by Alena)" name="beforemethod" is-config="true" duration-ms="1" started-at="2020-04-26T18:34:58 PDT" finished-at="2020-04-26T18:34:58 PDT">
          <params>
            <param index="0">
              <value>
                <![CDATA[public void core.PrimeNumberCheckerTest.test(java.lang.String,java.lang.String,java.lang.String)]]>
              </value>
            </param>
            <param index="1">
              <value>
                <![CDATA[[Ljava.lang.Object;@43a0cee9]]>
              </value>
            </param>
          </params>
          <reporter-output>
          </reporter-output>
        </test-method> <!-- beforemethod -->
        <test-method status="PASS" signature="test(java.lang.String, java.lang.String, java.lang.String)[pri:0, instance:core.PrimeNumberCheckerTest@b97c004]" test-instance-name="TC-01.99 (100 is not prime number; created by Alena)" name="test" duration-ms="1" started-at="2020-04-26T18:34:58 PDT" data-provider="Prime Numbers" finished-at="2020-04-26T18:34:58 PDT">
          <params>
            <param index="0">
              <value>
                <![CDATA[TC-01.28 (29 is prime number; created by Alena)]]>
              </value>
            </param>
            <param index="1">
              <value>
                <![CDATA[29]]>
              </value>
            </param>
            <param index="2">
              <value>
                <![CDATA[true]]>
              </value>
            </param>
          </params>
          <reporter-output>
          </reporter-output>
        </test-method> <!-- test -->
        <test-method status="PASS" signature="beforemethod(java.lang.reflect.Method, [Ljava.lang.Object;)[pri:0, instance:core.PrimeNumberCheckerTest@b97c004]" test-instance-name="TC-01.99 (100 is not prime number; created by Alena)" name="beforemethod" is-config="true" duration-ms="1" started-at="2020-04-26T18:34:58 PDT" finished-at="2020-04-26T18:34:58 PDT">
          <params>
            <param index="0">
              <value>
                <![CDATA[public void core.PrimeNumberCheckerTest.test(java.lang.String,java.lang.String,java.lang.String)]]>
              </value>
            </param>
            <param index="1">
              <value>
                <![CDATA[[Ljava.lang.Object;@eb21112]]>
              </value>
            </param>
          </params>
          <reporter-output>
          </reporter-output>
        </test-method> <!-- beforemethod -->
        <test-method status="PASS" signature="test(java.lang.String, java.lang.String, java.lang.String)[pri:0, instance:core.PrimeNumberCheckerTest@b97c004]" test-instance-name="TC-01.99 (100 is not prime number; created by Alena)" name="test" duration-ms="4" started-at="2020-04-26T18:34:58 PDT" data-provider="Prime Numbers" finished-at="2020-04-26T18:34:58 PDT">
          <params>
            <param index="0">
              <value>
                <![CDATA[TC-01.29 (30 is not prime number; created by Alena)]]>
              </value>
            </param>
            <param index="1">
              <value>
                <![CDATA[30]]>
              </value>
            </param>
            <param index="2">
              <value>
                <![CDATA[false]]>
              </value>
            </param>
          </params>
          <reporter-output>
          </reporter-output>
        </test-method> <!-- test -->
        <test-method status="PASS" signature="beforemethod(java.lang.reflect.Method, [Ljava.lang.Object;)[pri:0, instance:core.PrimeNumberCheckerTest@b97c004]" test-instance-name="TC-01.99 (100 is not prime number; created by Alena)" name="beforemethod" is-config="true" duration-ms="2" started-at="2020-04-26T18:34:58 PDT" finished-at="2020-04-26T18:34:58 PDT">
          <params>
            <param index="0">
              <value>
                <![CDATA[public void core.PrimeNumberCheckerTest.test(java.lang.String,java.lang.String,java.lang.String)]]>
              </value>
            </param>
            <param index="1">
              <value>
                <![CDATA[[Ljava.lang.Object;@2eda0940]]>
              </value>
            </param>
          </params>
          <reporter-output>
          </reporter-output>
        </test-method> <!-- beforemethod -->
        <test-method status="PASS" signature="test(java.lang.String, java.lang.String, java.lang.String)[pri:0, instance:core.PrimeNumberCheckerTest@b97c004]" test-instance-name="TC-01.99 (100 is not prime number; created by Alena)" name="test" duration-ms="1" started-at="2020-04-26T18:34:58 PDT" data-provider="Prime Numbers" finished-at="2020-04-26T18:34:58 PDT">
          <params>
            <param index="0">
              <value>
                <![CDATA[TC-01.30 (31 is prime number; created by Alena)]]>
              </value>
            </param>
            <param index="1">
              <value>
                <![CDATA[31]]>
              </value>
            </param>
            <param index="2">
              <value>
                <![CDATA[true]]>
              </value>
            </param>
          </params>
          <reporter-output>
          </reporter-output>
        </test-method> <!-- test -->
        <test-method status="PASS" signature="beforemethod(java.lang.reflect.Method, [Ljava.lang.Object;)[pri:0, instance:core.PrimeNumberCheckerTest@b97c004]" test-instance-name="TC-01.99 (100 is not prime number; created by Alena)" name="beforemethod" is-config="true" duration-ms="1" started-at="2020-04-26T18:34:58 PDT" finished-at="2020-04-26T18:34:58 PDT">
          <params>
            <param index="0">
              <value>
                <![CDATA[public void core.PrimeNumberCheckerTest.test(java.lang.String,java.lang.String,java.lang.String)]]>
              </value>
            </param>
            <param index="1">
              <value>
                <![CDATA[[Ljava.lang.Object;@3578436e]]>
              </value>
            </param>
          </params>
          <reporter-output>
          </reporter-output>
        </test-method> <!-- beforemethod -->
        <test-method status="PASS" signature="test(java.lang.String, java.lang.String, java.lang.String)[pri:0, instance:core.PrimeNumberCheckerTest@b97c004]" test-instance-name="TC-01.99 (100 is not prime number; created by Alena)" name="test" duration-ms="2" started-at="2020-04-26T18:34:58 PDT" data-provider="Prime Numbers" finished-at="2020-04-26T18:34:58 PDT">
          <params>
            <param index="0">
              <value>
                <![CDATA[TC-01.31 (32 is not prime number; created by Alena)]]>
              </value>
            </param>
            <param index="1">
              <value>
                <![CDATA[32]]>
              </value>
            </param>
            <param index="2">
              <value>
                <![CDATA[false]]>
              </value>
            </param>
          </params>
          <reporter-output>
          </reporter-output>
        </test-method> <!-- test -->
        <test-method status="PASS" signature="beforemethod(java.lang.reflect.Method, [Ljava.lang.Object;)[pri:0, instance:core.PrimeNumberCheckerTest@b97c004]" test-instance-name="TC-01.99 (100 is not prime number; created by Alena)" name="beforemethod" is-config="true" duration-ms="0" started-at="2020-04-26T18:34:58 PDT" finished-at="2020-04-26T18:34:58 PDT">
          <params>
            <param index="0">
              <value>
                <![CDATA[public void core.PrimeNumberCheckerTest.test(java.lang.String,java.lang.String,java.lang.String)]]>
              </value>
            </param>
            <param index="1">
              <value>
                <![CDATA[[Ljava.lang.Object;@706a04ae]]>
              </value>
            </param>
          </params>
          <reporter-output>
          </reporter-output>
        </test-method> <!-- beforemethod -->
        <test-method status="PASS" signature="test(java.lang.String, java.lang.String, java.lang.String)[pri:0, instance:core.PrimeNumberCheckerTest@b97c004]" test-instance-name="TC-01.99 (100 is not prime number; created by Alena)" name="test" duration-ms="0" started-at="2020-04-26T18:34:58 PDT" data-provider="Prime Numbers" finished-at="2020-04-26T18:34:58 PDT">
          <params>
            <param index="0">
              <value>
                <![CDATA[TC-01.32 (33 is not prime number; created by Alena)]]>
              </value>
            </param>
            <param index="1">
              <value>
                <![CDATA[33]]>
              </value>
            </param>
            <param index="2">
              <value>
                <![CDATA[false]]>
              </value>
            </param>
          </params>
          <reporter-output>
          </reporter-output>
        </test-method> <!-- test -->
        <test-method status="PASS" signature="beforemethod(java.lang.reflect.Method, [Ljava.lang.Object;)[pri:0, instance:core.PrimeNumberCheckerTest@b97c004]" test-instance-name="TC-01.99 (100 is not prime number; created by Alena)" name="beforemethod" is-config="true" duration-ms="1" started-at="2020-04-26T18:34:58 PDT" finished-at="2020-04-26T18:34:58 PDT">
          <params>
            <param index="0">
              <value>
                <![CDATA[public void core.PrimeNumberCheckerTest.test(java.lang.String,java.lang.String,java.lang.String)]]>
              </value>
            </param>
            <param index="1">
              <value>
                <![CDATA[[Ljava.lang.Object;@6eceb130]]>
              </value>
            </param>
          </params>
          <reporter-output>
          </reporter-output>
        </test-method> <!-- beforemethod -->
        <test-method status="PASS" signature="test(java.lang.String, java.lang.String, java.lang.String)[pri:0, instance:core.PrimeNumberCheckerTest@b97c004]" test-instance-name="TC-01.99 (100 is not prime number; created by Alena)" name="test" duration-ms="1" started-at="2020-04-26T18:34:58 PDT" data-provider="Prime Numbers" finished-at="2020-04-26T18:34:58 PDT">
          <params>
            <param index="0">
              <value>
                <![CDATA[TC-01.33 (34 is not prime number; created by Alena)]]>
              </value>
            </param>
            <param index="1">
              <value>
                <![CDATA[34]]>
              </value>
            </param>
            <param index="2">
              <value>
                <![CDATA[false]]>
              </value>
            </param>
          </params>
          <reporter-output>
          </reporter-output>
        </test-method> <!-- test -->
        <test-method status="PASS" signature="beforemethod(java.lang.reflect.Method, [Ljava.lang.Object;)[pri:0, instance:core.PrimeNumberCheckerTest@b97c004]" test-instance-name="TC-01.99 (100 is not prime number; created by Alena)" name="beforemethod" is-config="true" duration-ms="0" started-at="2020-04-26T18:34:58 PDT" finished-at="2020-04-26T18:34:58 PDT">
          <params>
            <param index="0">
              <value>
                <![CDATA[public void core.PrimeNumberCheckerTest.test(java.lang.String,java.lang.String,java.lang.String)]]>
              </value>
            </param>
            <param index="1">
              <value>
                <![CDATA[[Ljava.lang.Object;@10a035a0]]>
              </value>
            </param>
          </params>
          <reporter-output>
          </reporter-output>
        </test-method> <!-- beforemethod -->
        <test-method status="PASS" signature="test(java.lang.String, java.lang.String, java.lang.String)[pri:0, instance:core.PrimeNumberCheckerTest@b97c004]" test-instance-name="TC-01.99 (100 is not prime number; created by Alena)" name="test" duration-ms="0" started-at="2020-04-26T18:34:58 PDT" data-provider="Prime Numbers" finished-at="2020-04-26T18:34:58 PDT">
          <params>
            <param index="0">
              <value>
                <![CDATA[TC-01.34 (35 is not prime number; created by Alena)]]>
              </value>
            </param>
            <param index="1">
              <value>
                <![CDATA[35]]>
              </value>
            </param>
            <param index="2">
              <value>
                <![CDATA[false]]>
              </value>
            </param>
          </params>
          <reporter-output>
          </reporter-output>
        </test-method> <!-- test -->
        <test-method status="PASS" signature="beforemethod(java.lang.reflect.Method, [Ljava.lang.Object;)[pri:0, instance:core.PrimeNumberCheckerTest@b97c004]" test-instance-name="TC-01.99 (100 is not prime number; created by Alena)" name="beforemethod" is-config="true" duration-ms="1" started-at="2020-04-26T18:34:58 PDT" finished-at="2020-04-26T18:34:58 PDT">
          <params>
            <param index="0">
              <value>
                <![CDATA[public void core.PrimeNumberCheckerTest.test(java.lang.String,java.lang.String,java.lang.String)]]>
              </value>
            </param>
            <param index="1">
              <value>
                <![CDATA[[Ljava.lang.Object;@67b467e9]]>
              </value>
            </param>
          </params>
          <reporter-output>
          </reporter-output>
        </test-method> <!-- beforemethod -->
        <test-method status="PASS" signature="test(java.lang.String, java.lang.String, java.lang.String)[pri:0, instance:core.PrimeNumberCheckerTest@b97c004]" test-instance-name="TC-01.99 (100 is not prime number; created by Alena)" name="test" duration-ms="1" started-at="2020-04-26T18:34:58 PDT" data-provider="Prime Numbers" finished-at="2020-04-26T18:34:58 PDT">
          <params>
            <param index="0">
              <value>
                <![CDATA[TC-01.35 (36 is not prime number; created by Alena)]]>
              </value>
            </param>
            <param index="1">
              <value>
                <![CDATA[36]]>
              </value>
            </param>
            <param index="2">
              <value>
                <![CDATA[false]]>
              </value>
            </param>
          </params>
          <reporter-output>
          </reporter-output>
        </test-method> <!-- test -->
        <test-method status="PASS" signature="beforemethod(java.lang.reflect.Method, [Ljava.lang.Object;)[pri:0, instance:core.PrimeNumberCheckerTest@b97c004]" test-instance-name="TC-01.99 (100 is not prime number; created by Alena)" name="beforemethod" is-config="true" duration-ms="0" started-at="2020-04-26T18:34:58 PDT" finished-at="2020-04-26T18:34:58 PDT">
          <params>
            <param index="0">
              <value>
                <![CDATA[public void core.PrimeNumberCheckerTest.test(java.lang.String,java.lang.String,java.lang.String)]]>
              </value>
            </param>
            <param index="1">
              <value>
                <![CDATA[[Ljava.lang.Object;@47db50c5]]>
              </value>
            </param>
          </params>
          <reporter-output>
          </reporter-output>
        </test-method> <!-- beforemethod -->
        <test-method status="PASS" signature="test(java.lang.String, java.lang.String, java.lang.String)[pri:0, instance:core.PrimeNumberCheckerTest@b97c004]" test-instance-name="TC-01.99 (100 is not prime number; created by Alena)" name="test" duration-ms="1" started-at="2020-04-26T18:34:58 PDT" data-provider="Prime Numbers" finished-at="2020-04-26T18:34:58 PDT">
          <params>
            <param index="0">
              <value>
                <![CDATA[TC-01.36 (37 is prime number; created by Alena)]]>
              </value>
            </param>
            <param index="1">
              <value>
                <![CDATA[37]]>
              </value>
            </param>
            <param index="2">
              <value>
                <![CDATA[true]]>
              </value>
            </param>
          </params>
          <reporter-output>
          </reporter-output>
        </test-method> <!-- test -->
        <test-method status="PASS" signature="beforemethod(java.lang.reflect.Method, [Ljava.lang.Object;)[pri:0, instance:core.PrimeNumberCheckerTest@b97c004]" test-instance-name="TC-01.99 (100 is not prime number; created by Alena)" name="beforemethod" is-config="true" duration-ms="1" started-at="2020-04-26T18:34:58 PDT" finished-at="2020-04-26T18:34:58 PDT">
          <params>
            <param index="0">
              <value>
                <![CDATA[public void core.PrimeNumberCheckerTest.test(java.lang.String,java.lang.String,java.lang.String)]]>
              </value>
            </param>
            <param index="1">
              <value>
                <![CDATA[[Ljava.lang.Object;@5c072e3f]]>
              </value>
            </param>
          </params>
          <reporter-output>
          </reporter-output>
        </test-method> <!-- beforemethod -->
        <test-method status="PASS" signature="test(java.lang.String, java.lang.String, java.lang.String)[pri:0, instance:core.PrimeNumberCheckerTest@b97c004]" test-instance-name="TC-01.99 (100 is not prime number; created by Alena)" name="test" duration-ms="1" started-at="2020-04-26T18:34:58 PDT" data-provider="Prime Numbers" finished-at="2020-04-26T18:34:58 PDT">
          <params>
            <param index="0">
              <value>
                <![CDATA[TC-01.37 (38 is not prime number; created by Alena)]]>
              </value>
            </param>
            <param index="1">
              <value>
                <![CDATA[38]]>
              </value>
            </param>
            <param index="2">
              <value>
                <![CDATA[false]]>
              </value>
            </param>
          </params>
          <reporter-output>
          </reporter-output>
        </test-method> <!-- test -->
        <test-method status="PASS" signature="beforemethod(java.lang.reflect.Method, [Ljava.lang.Object;)[pri:0, instance:core.PrimeNumberCheckerTest@b97c004]" test-instance-name="TC-01.99 (100 is not prime number; created by Alena)" name="beforemethod" is-config="true" duration-ms="0" started-at="2020-04-26T18:34:58 PDT" finished-at="2020-04-26T18:34:58 PDT">
          <params>
            <param index="0">
              <value>
                <![CDATA[public void core.PrimeNumberCheckerTest.test(java.lang.String,java.lang.String,java.lang.String)]]>
              </value>
            </param>
            <param index="1">
              <value>
                <![CDATA[[Ljava.lang.Object;@4d1b0d2a]]>
              </value>
            </param>
          </params>
          <reporter-output>
          </reporter-output>
        </test-method> <!-- beforemethod -->
        <test-method status="PASS" signature="test(java.lang.String, java.lang.String, java.lang.String)[pri:0, instance:core.PrimeNumberCheckerTest@b97c004]" test-instance-name="TC-01.99 (100 is not prime number; created by Alena)" name="test" duration-ms="1" started-at="2020-04-26T18:34:59 PDT" data-provider="Prime Numbers" finished-at="2020-04-26T18:34:59 PDT">
          <params>
            <param index="0">
              <value>
                <![CDATA[TC-01.38 (39 is not prime number; created by Alena)]]>
              </value>
            </param>
            <param index="1">
              <value>
                <![CDATA[39]]>
              </value>
            </param>
            <param index="2">
              <value>
                <![CDATA[false]]>
              </value>
            </param>
          </params>
          <reporter-output>
          </reporter-output>
        </test-method> <!-- test -->
        <test-method status="PASS" signature="beforemethod(java.lang.reflect.Method, [Ljava.lang.Object;)[pri:0, instance:core.PrimeNumberCheckerTest@b97c004]" test-instance-name="TC-01.99 (100 is not prime number; created by Alena)" name="beforemethod" is-config="true" duration-ms="1" started-at="2020-04-26T18:34:59 PDT" finished-at="2020-04-26T18:34:59 PDT">
          <params>
            <param index="0">
              <value>
                <![CDATA[public void core.PrimeNumberCheckerTest.test(java.lang.String,java.lang.String,java.lang.String)]]>
              </value>
            </param>
            <param index="1">
              <value>
                <![CDATA[[Ljava.lang.Object;@954b04f]]>
              </value>
            </param>
          </params>
          <reporter-output>
          </reporter-output>
        </test-method> <!-- beforemethod -->
        <test-method status="PASS" signature="test(java.lang.String, java.lang.String, java.lang.String)[pri:0, instance:core.PrimeNumberCheckerTest@b97c004]" test-instance-name="TC-01.99 (100 is not prime number; created by Alena)" name="test" duration-ms="1" started-at="2020-04-26T18:34:59 PDT" data-provider="Prime Numbers" finished-at="2020-04-26T18:34:59 PDT">
          <params>
            <param index="0">
              <value>
                <![CDATA[TC-01.39 (40 is not prime number; created by Alena)]]>
              </value>
            </param>
            <param index="1">
              <value>
                <![CDATA[40]]>
              </value>
            </param>
            <param index="2">
              <value>
                <![CDATA[false]]>
              </value>
            </param>
          </params>
          <reporter-output>
          </reporter-output>
        </test-method> <!-- test -->
        <test-method status="PASS" signature="beforemethod(java.lang.reflect.Method, [Ljava.lang.Object;)[pri:0, instance:core.PrimeNumberCheckerTest@b97c004]" test-instance-name="TC-01.99 (100 is not prime number; created by Alena)" name="beforemethod" is-config="true" duration-ms="1" started-at="2020-04-26T18:34:59 PDT" finished-at="2020-04-26T18:34:59 PDT">
          <params>
            <param index="0">
              <value>
                <![CDATA[public void core.PrimeNumberCheckerTest.test(java.lang.String,java.lang.String,java.lang.String)]]>
              </value>
            </param>
            <param index="1">
              <value>
                <![CDATA[[Ljava.lang.Object;@149494d8]]>
              </value>
            </param>
          </params>
          <reporter-output>
          </reporter-output>
        </test-method> <!-- beforemethod -->
        <test-method status="PASS" signature="test(java.lang.String, java.lang.String, java.lang.String)[pri:0, instance:core.PrimeNumberCheckerTest@b97c004]" test-instance-name="TC-01.99 (100 is not prime number; created by Alena)" name="test" duration-ms="0" started-at="2020-04-26T18:34:59 PDT" data-provider="Prime Numbers" finished-at="2020-04-26T18:34:59 PDT">
          <params>
            <param index="0">
              <value>
                <![CDATA[TC-01.40 (41 is prime number; created by Alena)]]>
              </value>
            </param>
            <param index="1">
              <value>
                <![CDATA[41]]>
              </value>
            </param>
            <param index="2">
              <value>
                <![CDATA[true]]>
              </value>
            </param>
          </params>
          <reporter-output>
          </reporter-output>
        </test-method> <!-- test -->
        <test-method status="PASS" signature="beforemethod(java.lang.reflect.Method, [Ljava.lang.Object;)[pri:0, instance:core.PrimeNumberCheckerTest@b97c004]" test-instance-name="TC-01.99 (100 is not prime number; created by Alena)" name="beforemethod" is-config="true" duration-ms="1" started-at="2020-04-26T18:34:59 PDT" finished-at="2020-04-26T18:34:59 PDT">
          <params>
            <param index="0">
              <value>
                <![CDATA[public void core.PrimeNumberCheckerTest.test(java.lang.String,java.lang.String,java.lang.String)]]>
              </value>
            </param>
            <param index="1">
              <value>
                <![CDATA[[Ljava.lang.Object;@710726a3]]>
              </value>
            </param>
          </params>
          <reporter-output>
          </reporter-output>
        </test-method> <!-- beforemethod -->
        <test-method status="PASS" signature="test(java.lang.String, java.lang.String, java.lang.String)[pri:0, instance:core.PrimeNumberCheckerTest@b97c004]" test-instance-name="TC-01.99 (100 is not prime number; created by Alena)" name="test" duration-ms="0" started-at="2020-04-26T18:34:59 PDT" data-provider="Prime Numbers" finished-at="2020-04-26T18:34:59 PDT">
          <params>
            <param index="0">
              <value>
                <![CDATA[TC-01.41 (42 is not prime number; created by Alena)]]>
              </value>
            </param>
            <param index="1">
              <value>
                <![CDATA[42]]>
              </value>
            </param>
            <param index="2">
              <value>
                <![CDATA[false]]>
              </value>
            </param>
          </params>
          <reporter-output>
          </reporter-output>
        </test-method> <!-- test -->
        <test-method status="PASS" signature="beforemethod(java.lang.reflect.Method, [Ljava.lang.Object;)[pri:0, instance:core.PrimeNumberCheckerTest@b97c004]" test-instance-name="TC-01.99 (100 is not prime number; created by Alena)" name="beforemethod" is-config="true" duration-ms="1" started-at="2020-04-26T18:34:59 PDT" finished-at="2020-04-26T18:34:59 PDT">
          <params>
            <param index="0">
              <value>
                <![CDATA[public void core.PrimeNumberCheckerTest.test(java.lang.String,java.lang.String,java.lang.String)]]>
              </value>
            </param>
            <param index="1">
              <value>
                <![CDATA[[Ljava.lang.Object;@646007f4]]>
              </value>
            </param>
          </params>
          <reporter-output>
          </reporter-output>
        </test-method> <!-- beforemethod -->
        <test-method status="PASS" signature="test(java.lang.String, java.lang.String, java.lang.String)[pri:0, instance:core.PrimeNumberCheckerTest@b97c004]" test-instance-name="TC-01.99 (100 is not prime number; created by Alena)" name="test" duration-ms="1" started-at="2020-04-26T18:34:59 PDT" data-provider="Prime Numbers" finished-at="2020-04-26T18:34:59 PDT">
          <params>
            <param index="0">
              <value>
                <![CDATA[TC-01.42 (43 is prime number; created by Alena)]]>
              </value>
            </param>
            <param index="1">
              <value>
                <![CDATA[43]]>
              </value>
            </param>
            <param index="2">
              <value>
                <![CDATA[true]]>
              </value>
            </param>
          </params>
          <reporter-output>
          </reporter-output>
        </test-method> <!-- test -->
        <test-method status="PASS" signature="beforemethod(java.lang.reflect.Method, [Ljava.lang.Object;)[pri:0, instance:core.PrimeNumberCheckerTest@b97c004]" test-instance-name="TC-01.99 (100 is not prime number; created by Alena)" name="beforemethod" is-config="true" duration-ms="1" started-at="2020-04-26T18:34:59 PDT" finished-at="2020-04-26T18:34:59 PDT">
          <params>
            <param index="0">
              <value>
                <![CDATA[public void core.PrimeNumberCheckerTest.test(java.lang.String,java.lang.String,java.lang.String)]]>
              </value>
            </param>
            <param index="1">
              <value>
                <![CDATA[[Ljava.lang.Object;@481a15ff]]>
              </value>
            </param>
          </params>
          <reporter-output>
          </reporter-output>
        </test-method> <!-- beforemethod -->
        <test-method status="PASS" signature="test(java.lang.String, java.lang.String, java.lang.String)[pri:0, instance:core.PrimeNumberCheckerTest@b97c004]" test-instance-name="TC-01.99 (100 is not prime number; created by Alena)" name="test" duration-ms="1" started-at="2020-04-26T18:34:59 PDT" data-provider="Prime Numbers" finished-at="2020-04-26T18:34:59 PDT">
          <params>
            <param index="0">
              <value>
                <![CDATA[TC-01.43 (44 is not prime number; created by Alena)]]>
              </value>
            </param>
            <param index="1">
              <value>
                <![CDATA[44]]>
              </value>
            </param>
            <param index="2">
              <value>
                <![CDATA[false]]>
              </value>
            </param>
          </params>
          <reporter-output>
          </reporter-output>
        </test-method> <!-- test -->
        <test-method status="PASS" signature="beforemethod(java.lang.reflect.Method, [Ljava.lang.Object;)[pri:0, instance:core.PrimeNumberCheckerTest@b97c004]" test-instance-name="TC-01.99 (100 is not prime number; created by Alena)" name="beforemethod" is-config="true" duration-ms="0" started-at="2020-04-26T18:34:59 PDT" finished-at="2020-04-26T18:34:59 PDT">
          <params>
            <param index="0">
              <value>
                <![CDATA[public void core.PrimeNumberCheckerTest.test(java.lang.String,java.lang.String,java.lang.String)]]>
              </value>
            </param>
            <param index="1">
              <value>
                <![CDATA[[Ljava.lang.Object;@78186a70]]>
              </value>
            </param>
          </params>
          <reporter-output>
          </reporter-output>
        </test-method> <!-- beforemethod -->
        <test-method status="PASS" signature="test(java.lang.String, java.lang.String, java.lang.String)[pri:0, instance:core.PrimeNumberCheckerTest@b97c004]" test-instance-name="TC-01.99 (100 is not prime number; created by Alena)" name="test" duration-ms="1" started-at="2020-04-26T18:34:59 PDT" data-provider="Prime Numbers" finished-at="2020-04-26T18:34:59 PDT">
          <params>
            <param index="0">
              <value>
                <![CDATA[TC-01.44 (45 is not prime number; created by Alena)]]>
              </value>
            </param>
            <param index="1">
              <value>
                <![CDATA[45]]>
              </value>
            </param>
            <param index="2">
              <value>
                <![CDATA[false]]>
              </value>
            </param>
          </params>
[...]
          <params>
            <param index="0">
              <value>
                <![CDATA[public void core.PrimeNumberCheckerTest.test(java.lang.String,java.lang.String,java.lang.String)]]>
              </value>
            </param>
            <param index="1">
              <value>
                <![CDATA[[Ljava.lang.Object;@543788f3]]>
              </value>
            </param>
          </params>
          <reporter-output>
          </reporter-output>
        </test-method> <!-- beforemethod -->
        <test-method status="PASS" signature="test(java.lang.String, java.lang.String, java.lang.String)[pri:0, instance:core.PrimeNumberCheckerTest@b97c004]" test-instance-name="TC-01.99 (100 is not prime number; created by Alena)" name="test" duration-ms="3" started-at="2020-04-26T18:34:59 PDT" data-provider="Prime Numbers" finished-at="2020-04-26T18:34:59 PDT">
          <params>
            <param index="0">
              <value>
                <![CDATA[TC-01.89 (90 is not prime number; created by Alena)]]>
              </value>
            </param>
            <param index="1">
              <value>
                <![CDATA[90]]>
              </value>
            </param>
            <param index="2">
              <value>
                <![CDATA[false]]>
              </value>
            </param>
          </params>
          <reporter-output>
          </reporter-output>
        </test-method> <!-- test -->
        <test-method status="PASS" signature="beforemethod(java.lang.reflect.Method, [Ljava.lang.Object;)[pri:0, instance:core.PrimeNumberCheckerTest@b97c004]" test-instance-name="TC-01.99 (100 is not prime number; created by Alena)" name="beforemethod" is-config="true" duration-ms="1" started-at="2020-04-26T18:34:59 PDT" finished-at="2020-04-26T18:34:59 PDT">
          <params>
            <param index="0">
              <value>
                <![CDATA[public void core.PrimeNumberCheckerTest.test(java.lang.String,java.lang.String,java.lang.String)]]>
              </value>
            </param>
            <param index="1">
              <value>
                <![CDATA[[Ljava.lang.Object;@6d3af739]]>
              </value>
            </param>
          </params>
          <reporter-output>
          </reporter-output>
        </test-method> <!-- beforemethod -->
        <test-method status="PASS" signature="test(java.lang.String, java.lang.String, java.lang.String)[pri:0, instance:core.PrimeNumberCheckerTest@b97c004]" test-instance-name="TC-01.99 (100 is not prime number; created by Alena)" name="test" duration-ms="12" started-at="2020-04-26T18:34:59 PDT" data-provider="Prime Numbers" finished-at="2020-04-26T18:34:59 PDT">
          <params>
            <param index="0">
              <value>
                <![CDATA[TC-01.90 (91 is not prime number; created by Alena)]]>
              </value>
            </param>
            <param index="1">
              <value>
                <![CDATA[91]]>
              </value>
            </param>
            <param index="2">
              <value>
                <![CDATA[false]]>
              </value>
            </param>
          </params>
          <reporter-output>
          </reporter-output>
        </test-method> <!-- test -->
        <test-method status="PASS" signature="beforemethod(java.lang.reflect.Method, [Ljava.lang.Object;)[pri:0, instance:core.PrimeNumberCheckerTest@b97c004]" test-instance-name="TC-01.99 (100 is not prime number; created by Alena)" name="beforemethod" is-config="true" duration-ms="1" started-at="2020-04-26T18:34:59 PDT" finished-at="2020-04-26T18:34:59 PDT">
          <params>
            <param index="0">
              <value>
                <![CDATA[public void core.PrimeNumberCheckerTest.test(java.lang.String,java.lang.String,java.lang.String)]]>
              </value>
            </param>
            <param index="1">
              <value>
                <![CDATA[[Ljava.lang.Object;@1da51a35]]>
              </value>
            </param>
          </params>
          <reporter-output>
          </reporter-output>
        </test-method> <!-- beforemethod -->
        <test-method status="PASS" signature="test(java.lang.String, java.lang.String, java.lang.String)[pri:0, instance:core.PrimeNumberCheckerTest@b97c004]" test-instance-name="TC-01.99 (100 is not prime number; created by Alena)" name="test" duration-ms="1" started-at="2020-04-26T18:34:59 PDT" data-provider="Prime Numbers" finished-at="2020-04-26T18:34:59 PDT">
          <params>
            <param index="0">
              <value>
                <![CDATA[TC-01.91 (92 is not prime number; created by Alena)]]>
              </value>
            </param>
            <param index="1">
              <value>
                <![CDATA[92]]>
              </value>
            </param>
            <param index="2">
              <value>
                <![CDATA[false]]>
              </value>
            </param>
          </params>
          <reporter-output>
          </reporter-output>
        </test-method> <!-- test -->
        <test-method status="PASS" signature="beforemethod(java.lang.reflect.Method, [Ljava.lang.Object;)[pri:0, instance:core.PrimeNumberCheckerTest@b97c004]" test-instance-name="TC-01.99 (100 is not prime number; created by Alena)" name="beforemethod" is-config="true" duration-ms="1" started-at="2020-04-26T18:34:59 PDT" finished-at="2020-04-26T18:34:59 PDT">
          <params>
            <param index="0">
              <value>
                <![CDATA[public void core.PrimeNumberCheckerTest.test(java.lang.String,java.lang.String,java.lang.String)]]>
              </value>
            </param>
            <param index="1">
              <value>
                <![CDATA[[Ljava.lang.Object;@16022d9d]]>
              </value>
            </param>
          </params>
          <reporter-output>
          </reporter-output>
        </test-method> <!-- beforemethod -->
        <test-method status="PASS" signature="test(java.lang.String, java.lang.String, java.lang.String)[pri:0, instance:core.PrimeNumberCheckerTest@b97c004]" test-instance-name="TC-01.99 (100 is not prime number; created by Alena)" name="test" duration-ms="8" started-at="2020-04-26T18:34:59 PDT" data-provider="Prime Numbers" finished-at="2020-04-26T18:34:59 PDT">
          <params>
            <param index="0">
              <value>
                <![CDATA[TC-01.92 (93 is not prime number; created by Alena)]]>
              </value>
            </param>
            <param index="1">
              <value>
                <![CDATA[93]]>
              </value>
            </param>
            <param index="2">
              <value>
                <![CDATA[false]]>
              </value>
            </param>
          </params>
          <reporter-output>
          </reporter-output>
        </test-method> <!-- test -->
        <test-method status="PASS" signature="beforemethod(java.lang.reflect.Method, [Ljava.lang.Object;)[pri:0, instance:core.PrimeNumberCheckerTest@b97c004]" test-instance-name="TC-01.99 (100 is not prime number; created by Alena)" name="beforemethod" is-config="true" duration-ms="1" started-at="2020-04-26T18:34:59 PDT" finished-at="2020-04-26T18:34:59 PDT">
          <params>
            <param index="0">
              <value>
                <![CDATA[public void core.PrimeNumberCheckerTest.test(java.lang.String,java.lang.String,java.lang.String)]]>
              </value>
            </param>
            <param index="1">
              <value>
                <![CDATA[[Ljava.lang.Object;@7e9a5fbe]]>
              </value>
            </param>
          </params>
          <reporter-output>
          </reporter-output>
        </test-method> <!-- beforemethod -->
        <test-method status="PASS" signature="test(java.lang.String, java.lang.String, java.lang.String)[pri:0, instance:core.PrimeNumberCheckerTest@b97c004]" test-instance-name="TC-01.99 (100 is not prime number; created by Alena)" name="test" duration-ms="2" started-at="2020-04-26T18:34:59 PDT" data-provider="Prime Numbers" finished-at="2020-04-26T18:34:59 PDT">
          <params>
            <param index="0">
              <value>
                <![CDATA[TC-01.93 (94 is not prime number; created by Alena)]]>
              </value>
            </param>
            <param index="1">
              <value>
                <![CDATA[94]]>
              </value>
            </param>
            <param index="2">
              <value>
                <![CDATA[false]]>
              </value>
            </param>
          </params>
          <reporter-output>
          </reporter-output>
        </test-method> <!-- test -->
        <test-method status="PASS" signature="beforemethod(java.lang.reflect.Method, [Ljava.lang.Object;)[pri:0, instance:core.PrimeNumberCheckerTest@b97c004]" test-instance-name="TC-01.99 (100 is not prime number; created by Alena)" name="beforemethod" is-config="true" duration-ms="1" started-at="2020-04-26T18:34:59 PDT" finished-at="2020-04-26T18:34:59 PDT">
          <params>
            <param index="0">
              <value>
                <![CDATA[public void core.PrimeNumberCheckerTest.test(java.lang.String,java.lang.String,java.lang.String)]]>
              </value>
            </param>
            <param index="1">
              <value>
                <![CDATA[[Ljava.lang.Object;@44a3ec6b]]>
              </value>
            </param>
          </params>
          <reporter-output>
          </reporter-output>
        </test-method> <!-- beforemethod -->
        <test-method status="PASS" signature="test(java.lang.String, java.lang.String, java.lang.String)[pri:0, instance:core.PrimeNumberCheckerTest@b97c004]" test-instance-name="TC-01.99 (100 is not prime number; created by Alena)" name="test" duration-ms="10" started-at="2020-04-26T18:34:59 PDT" data-provider="Prime Numbers" finished-at="2020-04-26T18:34:59 PDT">
          <params>
            <param index="0">
              <value>
                <![CDATA[TC-01.94 (95 is not prime number; created by Alena)]]>
              </value>
            </param>
            <param index="1">
              <value>
                <![CDATA[95]]>
              </value>
            </param>
            <param index="2">
              <value>
                <![CDATA[false]]>
              </value>
            </param>
          </params>
          <reporter-output>
          </reporter-output>
        </test-method> <!-- test -->
        <test-method status="PASS" signature="beforemethod(java.lang.reflect.Method, [Ljava.lang.Object;)[pri:0, instance:core.PrimeNumberCheckerTest@b97c004]" test-instance-name="TC-01.99 (100 is not prime number; created by Alena)" name="beforemethod" is-config="true" duration-ms="1" started-at="2020-04-26T18:34:59 PDT" finished-at="2020-04-26T18:34:59 PDT">
          <params>
            <param index="0">
              <value>
                <![CDATA[public void core.PrimeNumberCheckerTest.test(java.lang.String,java.lang.String,java.lang.String)]]>
              </value>
            </param>
            <param index="1">
              <value>
                <![CDATA[[Ljava.lang.Object;@71623278]]>
              </value>
            </param>
          </params>
          <reporter-output>
          </reporter-output>
        </test-method> <!-- beforemethod -->
        <test-method status="PASS" signature="test(java.lang.String, java.lang.String, java.lang.String)[pri:0, instance:core.PrimeNumberCheckerTest@b97c004]" test-instance-name="TC-01.99 (100 is not prime number; created by Alena)" name="test" duration-ms="1" started-at="2020-04-26T18:34:59 PDT" data-provider="Prime Numbers" finished-at="2020-04-26T18:34:59 PDT">
          <params>
            <param index="0">
              <value>
                <![CDATA[TC-01.95 (96 is not prime number; created by Alena)]]>
              </value>
            </param>
            <param index="1">
              <value>
                <![CDATA[96]]>
              </value>
            </param>
            <param index="2">
              <value>
                <![CDATA[false]]>
              </value>
            </param>
          </params>
          <reporter-output>
          </reporter-output>
        </test-method> <!-- test -->
        <test-method status="PASS" signature="beforemethod(java.lang.reflect.Method, [Ljava.lang.Object;)[pri:0, instance:core.PrimeNumberCheckerTest@b97c004]" test-instance-name="TC-01.99 (100 is not prime number; created by Alena)" name="beforemethod" is-config="true" duration-ms="1" started-at="2020-04-26T18:34:59 PDT" finished-at="2020-04-26T18:34:59 PDT">
          <params>
            <param index="0">
              <value>
                <![CDATA[public void core.PrimeNumberCheckerTest.test(java.lang.String,java.lang.String,java.lang.String)]]>
              </value>
            </param>
            <param index="1">
              <value>
                <![CDATA[[Ljava.lang.Object;@768b970c]]>
              </value>
            </param>
          </params>
          <reporter-output>
          </reporter-output>
        </test-method> <!-- beforemethod -->
        <test-method status="PASS" signature="test(java.lang.String, java.lang.String, java.lang.String)[pri:0, instance:core.PrimeNumberCheckerTest@b97c004]" test-instance-name="TC-01.99 (100 is not prime number; created by Alena)" name="test" duration-ms="3" started-at="2020-04-26T18:34:59 PDT" data-provider="Prime Numbers" finished-at="2020-04-26T18:34:59 PDT">
          <params>
            <param index="0">
              <value>
                <![CDATA[TC-01.96 (97 is prime number; created by Alena)]]>
              </value>
            </param>
            <param index="1">
              <value>
                <![CDATA[97]]>
              </value>
            </param>
            <param index="2">
              <value>
                <![CDATA[true]]>
              </value>
            </param>
          </params>
          <reporter-output>
          </reporter-output>
        </test-method> <!-- test -->
        <test-method status="PASS" signature="beforemethod(java.lang.reflect.Method, [Ljava.lang.Object;)[pri:0, instance:core.PrimeNumberCheckerTest@b97c004]" test-instance-name="TC-01.99 (100 is not prime number; created by Alena)" name="beforemethod" is-config="true" duration-ms="1" started-at="2020-04-26T18:34:59 PDT" finished-at="2020-04-26T18:34:59 PDT">
          <params>
            <param index="0">
              <value>
                <![CDATA[public void core.PrimeNumberCheckerTest.test(java.lang.String,java.lang.String,java.lang.String)]]>
              </value>
            </param>
            <param index="1">
              <value>
                <![CDATA[[Ljava.lang.Object;@5a4041cc]]>
              </value>
            </param>
          </params>
          <reporter-output>
          </reporter-output>
        </test-method> <!-- beforemethod -->
        <test-method status="PASS" signature="test(java.lang.String, java.lang.String, java.lang.String)[pri:0, instance:core.PrimeNumberCheckerTest@b97c004]" test-instance-name="TC-01.99 (100 is not prime number; created by Alena)" name="test" duration-ms="1" started-at="2020-04-26T18:34:59 PDT" data-provider="Prime Numbers" finished-at="2020-04-26T18:34:59 PDT">
          <params>
            <param index="0">
              <value>
                <![CDATA[TC-01.97 (98 is not prime number; created by Alena)]]>
              </value>
            </param>
            <param index="1">
              <value>
                <![CDATA[98]]>
              </value>
            </param>
            <param index="2">
              <value>
                <![CDATA[false]]>
              </value>
            </param>
          </params>
          <reporter-output>
          </reporter-output>
        </test-method> <!-- test -->
        <test-method status="PASS" signature="beforemethod(java.lang.reflect.Method, [Ljava.lang.Object;)[pri:0, instance:core.PrimeNumberCheckerTest@b97c004]" test-instance-name="TC-01.99 (100 is not prime number; created by Alena)" name="beforemethod" is-config="true" duration-ms="1" started-at="2020-04-26T18:34:59 PDT" finished-at="2020-04-26T18:34:59 PDT">
          <params>
            <param index="0">
              <value>
                <![CDATA[public void core.PrimeNumberCheckerTest.test(java.lang.String,java.lang.String,java.lang.String)]]>
              </value>
            </param>
            <param index="1">
              <value>
                <![CDATA[[Ljava.lang.Object;@15b3e5b]]>
              </value>
            </param>
          </params>
          <reporter-output>
          </reporter-output>
        </test-method> <!-- beforemethod -->
        <test-method status="PASS" signature="test(java.lang.String, java.lang.String, java.lang.String)[pri:0, instance:core.PrimeNumberCheckerTest@b97c004]" test-instance-name="TC-01.99 (100 is not prime number; created by Alena)" name="test" duration-ms="1" started-at="2020-04-26T18:34:59 PDT" data-provider="Prime Numbers" finished-at="2020-04-26T18:34:59 PDT">
          <params>
            <param index="0">
              <value>
                <![CDATA[TC-01.98 (99 is not prime number; created by Alena)]]>
              </value>
            </param>
            <param index="1">
              <value>
                <![CDATA[99]]>
              </value>
            </param>
            <param index="2">
              <value>
                <![CDATA[false]]>
              </value>
            </param>
          </params>
          <reporter-output>
          </reporter-output>
        </test-method> <!-- test -->
        <test-method status="PASS" signature="beforemethod(java.lang.reflect.Method, [Ljava.lang.Object;)[pri:0, instance:core.PrimeNumberCheckerTest@b97c004]" test-instance-name="TC-01.99 (100 is not prime number; created by Alena)" name="beforemethod" is-config="true" duration-ms="1" started-at="2020-04-26T18:34:59 PDT" finished-at="2020-04-26T18:34:59 PDT">
          <params>
            <param index="0">
              <value>
                <![CDATA[public void core.PrimeNumberCheckerTest.test(java.lang.String,java.lang.String,java.lang.String)]]>
              </value>
            </param>
            <param index="1">
              <value>
                <![CDATA[[Ljava.lang.Object;@61ca2dfa]]>
              </value>
            </param>
          </params>
          <reporter-output>
          </reporter-output>
        </test-method> <!-- beforemethod -->
        <test-method status="PASS" signature="test(java.lang.String, java.lang.String, java.lang.String)[pri:0, instance:core.PrimeNumberCheckerTest@b97c004]" test-instance-name="TC-01.99 (100 is not prime number; created by Alena)" name="test" duration-ms="1" started-at="2020-04-26T18:34:59 PDT" data-provider="Prime Numbers" finished-at="2020-04-26T18:34:59 PDT">
          <params>
            <param index="0">
              <value>
                <![CDATA[TC-01.99 (100 is not prime number; created by Alena)]]>
              </value>
            </param>
            <param index="1">
              <value>
                <![CDATA[100]]>
              </value>
            </param>
            <param index="2">
              <value>
                <![CDATA[false]]>
              </value>
            </param>
          </params>
          <reporter-output>
          </reporter-output>
        </test-method> <!-- test -->
      </class> <!-- core.PrimeNumberCheckerTest -->
    </test> <!-- Surefire test -->
  </suite> <!-- Surefire suite -->
</testng-results>
